<?xml version="1.0" encoding="UTF-8"?>
<testng-results ignored="0" total="3" passed="3" failed="0" skipped="0">
  <reporter-output>
  </reporter-output>
  <suite started-at="2022-10-17T10:51:50 IST" name="Default suite" finished-at="2022-10-17T10:51:50 IST" duration-ms="98">
    <groups>
    </groups>
    <test started-at="2022-10-17T10:51:50 IST" name="Default test" finished-at="2022-10-17T10:51:50 IST" duration-ms="98">
      <class name="annotation.Annotation">
        <test-method is-config="true" signature="Brpwser()[pri:0, instance:annotation.Annotation@47af7f3d]" started-at="2022-10-17T10:51:50 IST" name="Brpwser" finished-at="2022-10-17T10:51:50 IST" duration-ms="7" status="PASS">
          <reporter-output>
          </reporter-output>
        </test-method> <!-- Brpwser -->
        <test-method is-config="true" signature="login()[pri:0, instance:annotation.Annotation@47af7f3d]" started-at="2022-10-17T10:51:50 IST" name="login" finished-at="2022-10-17T10:51:50 IST" duration-ms="1" status="PASS">
          <reporter-output>
          </reporter-output>
        </test-method> <!-- login -->
        <test-method signature="TC001()[pri:0, instance:annotation.Annotation@47af7f3d]" started-at="2022-10-17T10:51:50 IST" name="TC001" finished-at="2022-10-17T10:51:50 IST" duration-ms="13" status="PASS">
          <reporter-output>
          </reporter-output>
        </test-method> <!-- TC001 -->
        <test-method is-config="true" signature="logout()[pri:0, instance:annotation.Annotation@47af7f3d]" started-at="2022-10-17T10:51:50 IST" name="logout" finished-at="2022-10-17T10:51:50 IST" duration-ms="6" status="PASS">
          <reporter-output>
          </reporter-output>
        </test-method> <!-- logout -->
        <test-method is-config="true" signature="login()[pri:0, instance:annotation.Annotation@47af7f3d]" started-at="2022-10-17T10:51:50 IST" name="login" finished-at="2022-10-17T10:51:50 IST" duration-ms="1" status="PASS">
          <reporter-output>
          </reporter-output>
        </test-method> <!-- login -->
        <test-method signature="TC002()[pri:0, instance:annotation.Annotation@47af7f3d]" started-at="2022-10-17T10:51:50 IST" name="TC002" finished-at="2022-10-17T10:51:50 IST" duration-ms="6" status="PASS">
          <reporter-output>
          </reporter-output>
        </test-method> <!-- TC002 -->
        <test-method is-config="true" signature="logout()[pri:0, instance:annotation.Annotation@47af7f3d]" started-at="2022-10-17T10:51:50 IST" name="logout" finished-at="2022-10-17T10:51:50 IST" duration-ms="1" status="PASS">
          <reporter-output>
          </reporter-output>
        </test-method> <!-- logout -->
        <test-method is-config="true" signature="login()[pri:0, instance:annotation.Annotation@47af7f3d]" started-at="2022-10-17T10:51:50 IST" name="login" finished-at="2022-10-17T10:51:50 IST" duration-ms="1" status="PASS">
          <reporter-output>
          </reporter-output>
        </test-method> <!-- login -->
        <test-method signature="TC003()[pri:0, instance:annotation.Annotation@47af7f3d]" started-at="2022-10-17T10:51:50 IST" name="TC003" finished-at="2022-10-17T10:51:50 IST" duration-ms="4" status="PASS">
          <reporter-output>
          </reporter-output>
        </test-method> <!-- TC003 -->
        <test-method is-config="true" signature="logout()[pri:0, instance:annotation.Annotation@47af7f3d]" started-at="2022-10-17T10:51:50 IST" name="logout" finished-at="2022-10-17T10:51:50 IST" duration-ms="1" status="PASS">
          <reporter-output>
          </reporter-output>
        </test-method> <!-- logout -->
        <test-method is-config="true" signature="close()[pri:0, instance:annotation.Annotation@47af7f3d]" started-at="2022-10-17T10:51:50 IST" name="close" finished-at="2022-10-17T10:51:50 IST" duration-ms="1" status="PASS">
          <reporter-output>
          </reporter-output>
        </test-method> <!-- close -->
      </class> <!-- annotation.Annotation -->
    </test> <!-- Default test -->
  </suite> <!-- Default suite -->
</testng-results>
