<?xml version="1.0" encoding="UTF-8"?>
<!-- Generated by org.testng.reporters.JUnitXMLReporter -->
<testsuite ignored="0" hostname="Lenovo" failures="0" tests="3" name="Default test" time="0.098" errors="0" timestamp="2022-10-17T10:51:50 IST">
  <testcase classname="annotation.Annotation" name="TC001" time="0.013"/>
  <testcase classname="annotation.Annotation" name="TC002" time="0.006"/>
  <testcase classname="annotation.Annotation" name="TC003" time="0.004"/>
</testsuite> <!-- Default test -->
