<?xml version="1.0" encoding="UTF-8"?>
<!-- Generated by org.testng.reporters.JUnitXMLReporter -->
<testsuite ignored="0" hostname="Lenovo" failures="0" tests="2" name="Test(failed)(failed)" time="0.103" errors="0" timestamp="2022-10-09T21:46:05 IST">
  <testcase classname="facebooktest_class.Logout" name="@BeforeMethod lonchbrowser" time="0.007">
    <failure type="java.lang.StackOverflowError">
      <![CDATA[java.lang.StackOverflowError
at facebooktest_class.Logout.lonchbrowser(Logout.java:16)
at facebooktest_class.Logout.lonchbrowser(Logout.java:16)
at facebooktest_class.Logout.lonchbrowser(Logout.java:16)
at facebooktest_class.Logout.lonchbrowser(Logout.java:16)
at facebooktest_class.Logout.lonchbrowser(Logout.java:16)
at facebooktest_class.Logout.lonchbrowser(Logout.java:16)
at facebooktest_class.Logout.lonchbrowser(Logout.java:16)
at facebooktest_class.Logout.lonchbrowser(Logout.java:16)
at facebooktest_class.Logout.lonchbrowser(Logout.java:16)
at facebooktest_class.Logout.lonchbrowser(Logout.java:16)
at facebooktest_class.Logout.lonchbrowser(Logout.java:16)
at facebooktest_class.Logout.lonchbrowser(Logout.java:16)
at facebooktest_class.Logout.lonchbrowser(Logout.java:16)
at facebooktest_class.Logout.lonchbrowser(Logout.java:16)
at facebooktest_class.Logout.lonchbrowser(Logout.java:16)
at facebooktest_class.Logout.lonchbrowser(Logout.java:16)
at facebooktest_class.Logout.lonchbrowser(Logout.java:16)
at facebooktest_class.Logout.lonchbrowser(Logout.java:16)
at facebooktest_class.Logout.lonchbrowser(Logout.java:16)
at facebooktest_class.Logout.lonchbrowser(Logout.java:16)
at facebooktest_class.Logout.lonchbrowser(Logout.java:16)
at facebooktest_class.Logout.lonchbrowser(Logout.java:16)
at facebooktest_class.Logout.lonchbrowser(Logout.java:16)
at facebooktest_class.Logout.lonchbrowser(Logout.java:16)
at facebooktest_class.Logout.lonchbrowser(Logout.java:16)
at facebooktest_class.Logout.lonchbrowser(Logout.java:16)
at facebooktest_class.Logout.lonchbrowser(Logout.java:16)
at facebooktest_class.Logout.lonchbrowser(Logout.java:16)
at facebooktest_class.Logout.lonchbrowser(Logout.java:16)
at facebooktest_class.Logout.lonchbrowser(Logout.java:16)
at facebooktest_class.Logout.lonchbrowser(Logout.java:16)
at facebooktest_class.Logout.lonchbrowser(Logout.java:16)
at facebooktest_class.Logout.lonchbrowser(Logout.java:16)
at facebooktest_class.Logout.lonchbrowser(Logout.java:16)
at facebooktest_class.Logout.lonchbrowser(Logout.java:16)
at facebooktest_class.Logout.lonchbrowser(Logout.java:16)
at facebooktest_class.Logout.lonchbrowser(Logout.java:16)
at facebooktest_class.Logout.lonchbrowser(Logout.java:16)
at facebooktest_class.Logout.lonchbrowser(Logout.java:16)
at facebooktest_class.Logout.lonchbrowser(Logout.java:16)
at facebooktest_class.Logout.lonchbrowser(Logout.java:16)
at facebooktest_class.Logout.lonchbrowser(Logout.java:16)
at facebooktest_class.Logout.lonchbrowser(Logout.java:16)
at facebooktest_class.Logout.lonchbrowser(Logout.java:16)
at facebooktest_class.Logout.lonchbrowser(Logout.java:16)
at facebooktest_class.Logout.lonchbrowser(Logout.java:16)
at facebooktest_class.Logout.lonchbrowser(Logout.java:16)
at facebooktest_class.Logout.lonchbrowser(Logout.java:16)
at facebooktest_class.Logout.lonchbrowser(Logout.java:16)
at facebooktest_class.Logout.lonchbrowser(Logout.java:16)
at facebooktest_class.Logout.lonchbrowser(Logout.java:16)
at facebooktest_class.Logout.lonchbrowser(Logout.java:16)
at facebooktest_class.Logout.lonchbrowser(Logout.java:16)
at facebooktest_class.Logout.lonchbrowser(Logout.java:16)
at facebooktest_class.Logout.lonchbrowser(Logout.java:16)
at facebooktest_class.Logout.lonchbrowser(Logout.java:16)
at facebooktest_class.Logout.lonchbrowser(Logout.java:16)
at facebooktest_class.Logout.lonchbrowser(Logout.java:16)
at facebooktest_class.Logout.lonchbrowser(Logout.java:16)
at facebooktest_class.Logout.lonchbrowser(Logout.java:16)
at facebooktest_class.Logout.lonchbrowser(Logout.java:16)
at facebooktest_class.Logout.lonchbrowser(Logout.java:16)
at facebooktest_class.Logout.lonchbrowser(Logout.java:16)
at facebooktest_class.Logout.lonchbrowser(Logout.java:16)
at facebooktest_class.Logout.lonchbrowser(Logout.java:16)
at facebooktest_class.Logout.lonchbrowser(Logout.java:16)
at facebooktest_class.Logout.lonchbrowser(Logout.java:16)
at facebooktest_class.Logout.lonchbrowser(Logout.java:16)
at facebooktest_class.Logout.lonchbrowser(Logout.java:16)
at facebooktest_class.Logout.lonchbrowser(Logout.java:16)
at facebooktest_class.Logout.lonchbrowser(Logout.java:16)
at facebooktest_class.Logout.lonchbrowser(Logout.java:16)
at facebooktest_class.Logout.lonchbrowser(Logout.java:16)
at facebooktest_class.Logout.lonchbrowser(Logout.java:16)
at facebooktest_class.Logout.lonchbrowser(Logout.java:16)
at facebooktest_class.Logout.lonchbrowser(Logout.java:16)
at facebooktest_class.Logout.lonchbrowser(Logout.java:16)
at facebooktest_class.Logout.lonchbrowser(Logout.java:16)
at facebooktest_class.Logout.lonchbrowser(Logout.java:16)
at facebooktest_class.Logout.lonchbrowser(Logout.java:16)
at facebooktest_class.Logout.lonchbrowser(Logout.java:16)
at facebooktest_class.Logout.lonchbrowser(Logout.java:16)
at facebooktest_class.Logout.lonchbrowser(Logout.java:16)
at facebooktest_class.Logout.lonchbrowser(Logout.java:16)
at facebooktest_class.Logout.lonchbrowser(Logout.java:16)
at facebooktest_class.Logout.lonchbrowser(Logout.java:16)
at facebooktest_class.Logout.lonchbrowser(Logout.java:16)
at facebooktest_class.Logout.lonchbrowser(Logout.java:16)
at facebooktest_class.Logout.lonchbrowser(Logout.java:16)
at facebooktest_class.Logout.lonchbrowser(Logout.java:16)
at facebooktest_class.Logout.lonchbrowser(Logout.java:16)
at facebooktest_class.Logout.lonchbrowser(Logout.java:16)
at facebooktest_class.Logout.lonchbrowser(Logout.java:16)
at facebooktest_class.Logout.lonchbrowser(Logout.java:16)
at facebooktest_class.Logout.lonchbrowser(Logout.java:16)
at facebooktest_class.Logout.lonchbrowser(Logout.java:16)
at facebooktest_class.Logout.lonchbrowser(Logout.java:16)
at facebooktest_class.Logout.lonchbrowser(Logout.java:16)
at facebooktest_class.Logout.lonchbrowser(Logout.java:16)
at facebooktest_class.Logout.lonchbrowser(Logout.java:16)
at facebooktest_class.Logout.lonchbrowser(Logout.java:16)
at facebooktest_class.Logout.lonchbrowser(Logout.java:16)
at facebooktest_class.Logout.lonchbrowser(Logout.java:16)
at facebooktest_class.Logout.lonchbrowser(Logout.java:16)
at facebooktest_class.Logout.lonchbrowser(Logout.java:16)
at facebooktest_class.Logout.lonchbrowser(Logout.java:16)
at facebooktest_class.Logout.lonchbrowser(Logout.java:16)
at facebooktest_class.Logout.lonchbrowser(Logout.java:16)
at facebooktest_class.Logout.lonchbrowser(Logout.java:16)
at facebooktest_class.Logout.lonchbrowser(Logout.java:16)
at facebooktest_class.Logout.lonchbrowser(Logout.java:16)
at facebooktest_class.Logout.lonchbrowser(Logout.java:16)
at facebooktest_class.Logout.lonchbrowser(Logout.java:16)
at facebooktest_class.Logout.lonchbrowser(Logout.java:16)
at facebooktest_class.Logout.lonchbrowser(Logout.java:16)
at facebooktest_class.Logout.lonchbrowser(Logout.java:16)
at facebooktest_class.Logout.lonchbrowser(Logout.java:16)
at facebooktest_class.Logout.lonchbrowser(Logout.java:16)
at facebooktest_class.Logout.lonchbrowser(Logout.java:16)
at facebooktest_class.Logout.lonchbrowser(Logout.java:16)
at facebooktest_class.Logout.lonchbrowser(Logout.java:16)
at facebooktest_class.Logout.lonchbrowser(Logout.java:16)
at facebooktest_class.Logout.lonchbrowser(Logout.java:16)
at facebooktest_class.Logout.lonchbrowser(Logout.java:16)
at facebooktest_class.Logout.lonchbrowser(Logout.java:16)
at facebooktest_class.Logout.lonchbrowser(Logout.java:16)
at facebooktest_class.Logout.lonchbrowser(Logout.java:16)
at facebooktest_class.Logout.lonchbrowser(Logout.java:16)
at facebooktest_class.Logout.lonchbrowser(Logout.java:16)
at facebooktest_class.Logout.lonchbrowser(Logout.java:16)
at facebooktest_class.Logout.lonchbrowser(Logout.java:16)
at facebooktest_class.Logout.lonchbrowser(Logout.java:16)
at facebooktest_class.Logout.lonchbrowser(Logout.java:16)
at facebooktest_class.Logout.lonchbrowser(Logout.java:16)
at facebooktest_class.Logout.lonchbrowser(Logout.java:16)
at facebooktest_class.Logout.lonchbrowser(Logout.java:16)
at facebooktest_class.Logout.lonchbrowser(Logout.java:16)
at facebooktest_class.Logout.lonchbrowser(Logout.java:16)
at facebooktest_class.Logout.lonchbrowser(Logout.java:16)
at facebooktest_class.Logout.lonchbrowser(Logout.java:16)
at facebooktest_class.Logout.lonchbrowser(Logout.java:16)
at facebooktest_class.Logout.lonchbrowser(Logout.java:16)
at facebooktest_class.Logout.lonchbrowser(Logout.java:16)
at facebooktest_class.Logout.lonchbrowser(Logout.java:16)
at facebooktest_class.Logout.lonchbrowser(Logout.java:16)
at facebooktest_class.Logout.lonchbrowser(Logout.java:16)
at facebooktest_class.Logout.lonchbrowser(Logout.java:16)
at facebooktest_class.Logout.lonchbrowser(Logout.java:16)
at facebooktest_class.Logout.lonchbrowser(Logout.java:16)
at facebooktest_class.Logout.lonchbrowser(Logout.java:16)
at facebooktest_class.Logout.lonchbrowser(Logout.java:16)
at facebooktest_class.Logout.lonchbrowser(Logout.java:16)
at facebooktest_class.Logout.lonchbrowser(Logout.java:16)
at facebooktest_class.Logout.lonchbrowser(Logout.java:16)
at facebooktest_class.Logout.lonchbrowser(Logout.java:16)
at facebooktest_class.Logout.lonchbrowser(Logout.java:16)
at facebooktest_class.Logout.lonchbrowser(Logout.java:16)
at facebooktest_class.Logout.lonchbrowser(Logout.java:16)
at facebooktest_class.Logout.lonchbrowser(Logout.java:16)
at facebooktest_class.Logout.lonchbrowser(Logout.java:16)
at facebooktest_class.Logout.lonchbrowser(Logout.java:16)
at facebooktest_class.Logout.lonchbrowser(Logout.java:16)
at facebooktest_class.Logout.lonchbrowser(Logout.java:16)
at facebooktest_class.Logout.lonchbrowser(Logout.java:16)
at facebooktest_class.Logout.lonchbrowser(Logout.java:16)
at facebooktest_class.Logout.lonchbrowser(Logout.java:16)
at facebooktest_class.Logout.lonchbrowser(Logout.java:16)
at facebooktest_class.Logout.lonchbrowser(Logout.java:16)
at facebooktest_class.Logout.lonchbrowser(Logout.java:16)
at facebooktest_class.Logout.lonchbrowser(Logout.java:16)
at facebooktest_class.Logout.lonchbrowser(Logout.java:16)
at facebooktest_class.Logout.lonchbrowser(Logout.java:16)
at facebooktest_class.Logout.lonchbrowser(Logout.java:16)
at facebooktest_class.Logout.lonchbrowser(Logout.java:16)
at facebooktest_class.Logout.lonchbrowser(Logout.java:16)
at facebooktest_class.Logout.lonchbrowser(Logout.java:16)
at facebooktest_class.Logout.lonchbrowser(Logout.java:16)
at facebooktest_class.Logout.lonchbrowser(Logout.java:16)
at facebooktest_class.Logout.lonchbrowser(Logout.java:16)
at facebooktest_class.Logout.lonchbrowser(Logout.java:16)
at facebooktest_class.Logout.lonchbrowser(Logout.java:16)
at facebooktest_class.Logout.lonchbrowser(Logout.java:16)
at facebooktest_class.Logout.lonchbrowser(Logout.java:16)
at facebooktest_class.Logout.lonchbrowser(Logout.java:16)
at facebooktest_class.Logout.lonchbrowser(Logout.java:16)
at facebooktest_class.Logout.lonchbrowser(Logout.java:16)
at facebooktest_class.Logout.lonchbrowser(Logout.java:16)
at facebooktest_class.Logout.lonchbrowser(Logout.java:16)
at facebooktest_class.Logout.lonchbrowser(Logout.java:16)
at facebooktest_class.Logout.lonchbrowser(Logout.java:16)
at facebooktest_class.Logout.lonchbrowser(Logout.java:16)
at facebooktest_class.Logout.lonchbrowser(Logout.java:16)
at facebooktest_class.Logout.lonchbrowser(Logout.java:16)
at facebooktest_class.Logout.lonchbrowser(Logout.java:16)
at facebooktest_class.Logout.lonchbrowser(Logout.java:16)
at facebooktest_class.Logout.lonchbrowser(Logout.java:16)
at facebooktest_class.Logout.lonchbrowser(Logout.java:16)
at facebooktest_class.Logout.lonchbrowser(Logout.java:16)
at facebooktest_class.Logout.lonchbrowser(Logout.java:16)
at facebooktest_class.Logout.lonchbrowser(Logout.java:16)
at facebooktest_class.Logout.lonchbrowser(Logout.java:16)
at facebooktest_class.Logout.lonchbrowser(Logout.java:16)
at facebooktest_class.Logout.lonchbrowser(Logout.java:16)
at facebooktest_class.Logout.lonchbrowser(Logout.java:16)
at facebooktest_class.Logout.lonchbrowser(Logout.java:16)
at facebooktest_class.Logout.lonchbrowser(Logout.java:16)
at facebooktest_class.Logout.lonchbrowser(Logout.java:16)
at facebooktest_class.Logout.lonchbrowser(Logout.java:16)
at facebooktest_class.Logout.lonchbrowser(Logout.java:16)
at facebooktest_class.Logout.lonchbrowser(Logout.java:16)
at facebooktest_class.Logout.lonchbrowser(Logout.java:16)
at facebooktest_class.Logout.lonchbrowser(Logout.java:16)
at facebooktest_class.Logout.lonchbrowser(Logout.java:16)
at facebooktest_class.Logout.lonchbrowser(Logout.java:16)
at facebooktest_class.Logout.lonchbrowser(Logout.java:16)
at facebooktest_class.Logout.lonchbrowser(Logout.java:16)
at facebooktest_class.Logout.lonchbrowser(Logout.java:16)
at facebooktest_class.Logout.lonchbrowser(Logout.java:16)
at facebooktest_class.Logout.lonchbrowser(Logout.java:16)
at facebooktest_class.Logout.lonchbrowser(Logout.java:16)
at facebooktest_class.Logout.lonchbrowser(Logout.java:16)
at facebooktest_class.Logout.lonchbrowser(Logout.java:16)
at facebooktest_class.Logout.lonchbrowser(Logout.java:16)
at facebooktest_class.Logout.lonchbrowser(Logout.java:16)
at facebooktest_class.Logout.lonchbrowser(Logout.java:16)
at facebooktest_class.Logout.lonchbrowser(Logout.java:16)
at facebooktest_class.Logout.lonchbrowser(Logout.java:16)
at facebooktest_class.Logout.lonchbrowser(Logout.java:16)
at facebooktest_class.Logout.lonchbrowser(Logout.java:16)
at facebooktest_class.Logout.lonchbrowser(Logout.java:16)
at facebooktest_class.Logout.lonchbrowser(Logout.java:16)
at facebooktest_class.Logout.lonchbrowser(Logout.java:16)
at facebooktest_class.Logout.lonchbrowser(Logout.java:16)
at facebooktest_class.Logout.lonchbrowser(Logout.java:16)
at facebooktest_class.Logout.lonchbrowser(Logout.java:16)
at facebooktest_class.Logout.lonchbrowser(Logout.java:16)
at facebooktest_class.Logout.lonchbrowser(Logout.java:16)
at facebooktest_class.Logout.lonchbrowser(Logout.java:16)
at facebooktest_class.Logout.lonchbrowser(Logout.java:16)
at facebooktest_class.Logout.lonchbrowser(Logout.java:16)
at facebooktest_class.Logout.lonchbrowser(Logout.java:16)
at facebooktest_class.Logout.lonchbrowser(Logout.java:16)
at facebooktest_class.Logout.lonchbrowser(Logout.java:16)
at facebooktest_class.Logout.lonchbrowser(Logout.java:16)
at facebooktest_class.Logout.lonchbrowser(Logout.java:16)
at facebooktest_class.Logout.lonchbrowser(Logout.java:16)
at facebooktest_class.Logout.lonchbrowser(Logout.java:16)
at facebooktest_class.Logout.lonchbrowser(Logout.java:16)
at facebooktest_class.Logout.lonchbrowser(Logout.java:16)
at facebooktest_class.Logout.lonchbrowser(Logout.java:16)
at facebooktest_class.Logout.lonchbrowser(Logout.java:16)
at facebooktest_class.Logout.lonchbrowser(Logout.java:16)
at facebooktest_class.Logout.lonchbrowser(Logout.java:16)
at facebooktest_class.Logout.lonchbrowser(Logout.java:16)
at facebooktest_class.Logout.lonchbrowser(Logout.java:16)
at facebooktest_class.Logout.lonchbrowser(Logout.java:16)
at facebooktest_class.Logout.lonchbrowser(Logout.java:16)
at facebooktest_class.Logout.lonchbrowser(Logout.java:16)
at facebooktest_class.Logout.lonchbrowser(Logout.java:16)
at facebooktest_class.Logout.lonchbrowser(Logout.java:16)
at facebooktest_class.Logout.lonchbrowser(Logout.java:16)
at facebooktest_class.Logout.lonchbrowser(Logout.java:16)
at facebooktest_class.Logout.lonchbrowser(Logout.java:16)
at facebooktest_class.Logout.lonchbrowser(Logout.java:16)
at facebooktest_class.Logout.lonchbrowser(Logout.java:16)
at facebooktest_class.Logout.lonchbrowser(Logout.java:16)
at facebooktest_class.Logout.lonchbrowser(Logout.java:16)
at facebooktest_class.Logout.lonchbrowser(Logout.java:16)
at facebooktest_class.Logout.lonchbrowser(Logout.java:16)
at facebooktest_class.Logout.lonchbrowser(Logout.java:16)
at facebooktest_class.Logout.lonchbrowser(Logout.java:16)
at facebooktest_class.Logout.lonchbrowser(Logout.java:16)
at facebooktest_class.Logout.lonchbrowser(Logout.java:16)
at facebooktest_class.Logout.lonchbrowser(Logout.java:16)
at facebooktest_class.Logout.lonchbrowser(Logout.java:16)
at facebooktest_class.Logout.lonchbrowser(Logout.java:16)
at facebooktest_class.Logout.lonchbrowser(Logout.java:16)
at facebooktest_class.Logout.lonchbrowser(Logout.java:16)
at facebooktest_class.Logout.lonchbrowser(Logout.java:16)
at facebooktest_class.Logout.lonchbrowser(Logout.java:16)
at facebooktest_class.Logout.lonchbrowser(Logout.java:16)
at facebooktest_class.Logout.lonchbrowser(Logout.java:16)
at facebooktest_class.Logout.lonchbrowser(Logout.java:16)
at facebooktest_class.Logout.lonchbrowser(Logout.java:16)
at facebooktest_class.Logout.lonchbrowser(Logout.java:16)
at facebooktest_class.Logout.lonchbrowser(Logout.java:16)
at facebooktest_class.Logout.lonchbrowser(Logout.java:16)
at facebooktest_class.Logout.lonchbrowser(Logout.java:16)
at facebooktest_class.Logout.lonchbrowser(Logout.java:16)
at facebooktest_class.Logout.lonchbrowser(Logout.java:16)
at facebooktest_class.Logout.lonchbrowser(Logout.java:16)
at facebooktest_class.Logout.lonchbrowser(Logout.java:16)
at facebooktest_class.Logout.lonchbrowser(Logout.java:16)
at facebooktest_class.Logout.lonchbrowser(Logout.java:16)
at facebooktest_class.Logout.lonchbrowser(Logout.java:16)
at facebooktest_class.Logout.lonchbrowser(Logout.java:16)
at facebooktest_class.Logout.lonchbrowser(Logout.java:16)
at facebooktest_class.Logout.lonchbrowser(Logout.java:16)
at facebooktest_class.Logout.lonchbrowser(Logout.java:16)
at facebooktest_class.Logout.lonchbrowser(Logout.java:16)
at facebooktest_class.Logout.lonchbrowser(Logout.java:16)
at facebooktest_class.Logout.lonchbrowser(Logout.java:16)
at facebooktest_class.Logout.lonchbrowser(Logout.java:16)
at facebooktest_class.Logout.lonchbrowser(Logout.java:16)
at facebooktest_class.Logout.lonchbrowser(Logout.java:16)
at facebooktest_class.Logout.lonchbrowser(Logout.java:16)
at facebooktest_class.Logout.lonchbrowser(Logout.java:16)
at facebooktest_class.Logout.lonchbrowser(Logout.java:16)
at facebooktest_class.Logout.lonchbrowser(Logout.java:16)
at facebooktest_class.Logout.lonchbrowser(Logout.java:16)
at facebooktest_class.Logout.lonchbrowser(Logout.java:16)
at facebooktest_class.Logout.lonchbrowser(Logout.java:16)
at facebooktest_class.Logout.lonchbrowser(Logout.java:16)
at facebooktest_class.Logout.lonchbrowser(Logout.java:16)
at facebooktest_class.Logout.lonchbrowser(Logout.java:16)
at facebooktest_class.Logout.lonchbrowser(Logout.java:16)
at facebooktest_class.Logout.lonchbrowser(Logout.java:16)
at facebooktest_class.Logout.lonchbrowser(Logout.java:16)
at facebooktest_class.Logout.lonchbrowser(Logout.java:16)
at facebooktest_class.Logout.lonchbrowser(Logout.java:16)
at facebooktest_class.Logout.lonchbrowser(Logout.java:16)
at facebooktest_class.Logout.lonchbrowser(Logout.java:16)
at facebooktest_class.Logout.lonchbrowser(Logout.java:16)
at facebooktest_class.Logout.lonchbrowser(Logout.java:16)
at facebooktest_class.Logout.lonchbrowser(Logout.java:16)
at facebooktest_class.Logout.lonchbrowser(Logout.java:16)
at facebooktest_class.Logout.lonchbrowser(Logout.java:16)
at facebooktest_class.Logout.lonchbrowser(Logout.java:16)
at facebooktest_class.Logout.lonchbrowser(Logout.java:16)
at facebooktest_class.Logout.lonchbrowser(Logout.java:16)
at facebooktest_class.Logout.lonchbrowser(Logout.java:16)
at facebooktest_class.Logout.lonchbrowser(Logout.java:16)
at facebooktest_class.Logout.lonchbrowser(Logout.java:16)
at facebooktest_class.Logout.lonchbrowser(Logout.java:16)
at facebooktest_class.Logout.lonchbrowser(Logout.java:16)
at facebooktest_class.Logout.lonchbrowser(Logout.java:16)
at facebooktest_class.Logout.lonchbrowser(Logout.java:16)
at facebooktest_class.Logout.lonchbrowser(Logout.java:16)
at facebooktest_class.Logout.lonchbrowser(Logout.java:16)
at facebooktest_class.Logout.lonchbrowser(Logout.java:16)
at facebooktest_class.Logout.lonchbrowser(Logout.java:16)
at facebooktest_class.Logout.lonchbrowser(Logout.java:16)
at facebooktest_class.Logout.lonchbrowser(Logout.java:16)
at facebooktest_class.Logout.lonchbrowser(Logout.java:16)
at facebooktest_class.Logout.lonchbrowser(Logout.java:16)
at facebooktest_class.Logout.lonchbrowser(Logout.java:16)
at facebooktest_class.Logout.lonchbrowser(Logout.java:16)
at facebooktest_class.Logout.lonchbrowser(Logout.java:16)
at facebooktest_class.Logout.lonchbrowser(Logout.java:16)
at facebooktest_class.Logout.lonchbrowser(Logout.java:16)
at facebooktest_class.Logout.lonchbrowser(Logout.java:16)
at facebooktest_class.Logout.lonchbrowser(Logout.java:16)
at facebooktest_class.Logout.lonchbrowser(Logout.java:16)
at facebooktest_class.Logout.lonchbrowser(Logout.java:16)
at facebooktest_class.Logout.lonchbrowser(Logout.java:16)
at facebooktest_class.Logout.lonchbrowser(Logout.java:16)
at facebooktest_class.Logout.lonchbrowser(Logout.java:16)
at facebooktest_class.Logout.lonchbrowser(Logout.java:16)
at facebooktest_class.Logout.lonchbrowser(Logout.java:16)
at facebooktest_class.Logout.lonchbrowser(Logout.java:16)
at facebooktest_class.Logout.lonchbrowser(Logout.java:16)
at facebooktest_class.Logout.lonchbrowser(Logout.java:16)
at facebooktest_class.Logout.lonchbrowser(Logout.java:16)
at facebooktest_class.Logout.lonchbrowser(Logout.java:16)
at facebooktest_class.Logout.lonchbrowser(Logout.java:16)
at facebooktest_class.Logout.lonchbrowser(Logout.java:16)
at facebooktest_class.Logout.lonchbrowser(Logout.java:16)
at facebooktest_class.Logout.lonchbrowser(Logout.java:16)
at facebooktest_class.Logout.lonchbrowser(Logout.java:16)
at facebooktest_class.Logout.lonchbrowser(Logout.java:16)
at facebooktest_class.Logout.lonchbrowser(Logout.java:16)
at facebooktest_class.Logout.lonchbrowser(Logout.java:16)
at facebooktest_class.Logout.lonchbrowser(Logout.java:16)
at facebooktest_class.Logout.lonchbrowser(Logout.java:16)
at facebooktest_class.Logout.lonchbrowser(Logout.java:16)
at facebooktest_class.Logout.lonchbrowser(Logout.java:16)
at facebooktest_class.Logout.lonchbrowser(Logout.java:16)
at facebooktest_class.Logout.lonchbrowser(Logout.java:16)
at facebooktest_class.Logout.lonchbrowser(Logout.java:16)
at facebooktest_class.Logout.lonchbrowser(Logout.java:16)
at facebooktest_class.Logout.lonchbrowser(Logout.java:16)
at facebooktest_class.Logout.lonchbrowser(Logout.java:16)
at facebooktest_class.Logout.lonchbrowser(Logout.java:16)
at facebooktest_class.Logout.lonchbrowser(Logout.java:16)
at facebooktest_class.Logout.lonchbrowser(Logout.java:16)
at facebooktest_class.Logout.lonchbrowser(Logout.java:16)
at facebooktest_class.Logout.lonchbrowser(Logout.java:16)
at facebooktest_class.Logout.lonchbrowser(Logout.java:16)
at facebooktest_class.Logout.lonchbrowser(Logout.java:16)
at facebooktest_class.Logout.lonchbrowser(Logout.java:16)
at facebooktest_class.Logout.lonchbrowser(Logout.java:16)
at facebooktest_class.Logout.lonchbrowser(Logout.java:16)
at facebooktest_class.Logout.lonchbrowser(Logout.java:16)
at facebooktest_class.Logout.lonchbrowser(Logout.java:16)
at facebooktest_class.Logout.lonchbrowser(Logout.java:16)
at facebooktest_class.Logout.lonchbrowser(Logout.java:16)
at facebooktest_class.Logout.lonchbrowser(Logout.java:16)
at facebooktest_class.Logout.lonchbrowser(Logout.java:16)
at facebooktest_class.Logout.lonchbrowser(Logout.java:16)
at facebooktest_class.Logout.lonchbrowser(Logout.java:16)
at facebooktest_class.Logout.lonchbrowser(Logout.java:16)
at facebooktest_class.Logout.lonchbrowser(Logout.java:16)
at facebooktest_class.Logout.lonchbrowser(Logout.java:16)
at facebooktest_class.Logout.lonchbrowser(Logout.java:16)
at facebooktest_class.Logout.lonchbrowser(Logout.java:16)
at facebooktest_class.Logout.lonchbrowser(Logout.java:16)
at facebooktest_class.Logout.lonchbrowser(Logout.java:16)
at facebooktest_class.Logout.lonchbrowser(Logout.java:16)
at facebooktest_class.Logout.lonchbrowser(Logout.java:16)
at facebooktest_class.Logout.lonchbrowser(Logout.java:16)
at facebooktest_class.Logout.lonchbrowser(Logout.java:16)
at facebooktest_class.Logout.lonchbrowser(Logout.java:16)
at facebooktest_class.Logout.lonchbrowser(Logout.java:16)
at facebooktest_class.Logout.lonchbrowser(Logout.java:16)
at facebooktest_class.Logout.lonchbrowser(Logout.java:16)
at facebooktest_class.Logout.lonchbrowser(Logout.java:16)
at facebooktest_class.Logout.lonchbrowser(Logout.java:16)
at facebooktest_class.Logout.lonchbrowser(Logout.java:16)
at facebooktest_class.Logout.lonchbrowser(Logout.java:16)
at facebooktest_class.Logout.lonchbrowser(Logout.java:16)
at facebooktest_class.Logout.lonchbrowser(Logout.java:16)
at facebooktest_class.Logout.lonchbrowser(Logout.java:16)
at facebooktest_class.Logout.lonchbrowser(Logout.java:16)
at facebooktest_class.Logout.lonchbrowser(Logout.java:16)
at facebooktest_class.Logout.lonchbrowser(Logout.java:16)
at facebooktest_class.Logout.lonchbrowser(Logout.java:16)
at facebooktest_class.Logout.lonchbrowser(Logout.java:16)
at facebooktest_class.Logout.lonchbrowser(Logout.java:16)
at facebooktest_class.Logout.lonchbrowser(Logout.java:16)
at facebooktest_class.Logout.lonchbrowser(Logout.java:16)
at facebooktest_class.Logout.lonchbrowser(Logout.java:16)
at facebooktest_class.Logout.lonchbrowser(Logout.java:16)
at facebooktest_class.Logout.lonchbrowser(Logout.java:16)
at facebooktest_class.Logout.lonchbrowser(Logout.java:16)
at facebooktest_class.Logout.lonchbrowser(Logout.java:16)
at facebooktest_class.Logout.lonchbrowser(Logout.java:16)
at facebooktest_class.Logout.lonchbrowser(Logout.java:16)
at facebooktest_class.Logout.lonchbrowser(Logout.java:16)
at facebooktest_class.Logout.lonchbrowser(Logout.java:16)
at facebooktest_class.Logout.lonchbrowser(Logout.java:16)
at facebooktest_class.Logout.lonchbrowser(Logout.java:16)
at facebooktest_class.Logout.lonchbrowser(Logout.java:16)
at facebooktest_class.Logout.lonchbrowser(Logout.java:16)
at facebooktest_class.Logout.lonchbrowser(Logout.java:16)
at facebooktest_class.Logout.lonchbrowser(Logout.java:16)
at facebooktest_class.Logout.lonchbrowser(Logout.java:16)
at facebooktest_class.Logout.lonchbrowser(Logout.java:16)
at facebooktest_class.Logout.lonchbrowser(Logout.java:16)
at facebooktest_class.Logout.lonchbrowser(Logout.java:16)
at facebooktest_class.Logout.lonchbrowser(Logout.java:16)
at facebooktest_class.Logout.lonchbrowser(Logout.java:16)
at facebooktest_class.Logout.lonchbrowser(Logout.java:16)
at facebooktest_class.Logout.lonchbrowser(Logout.java:16)
at facebooktest_class.Logout.lonchbrowser(Logout.java:16)
at facebooktest_class.Logout.lonchbrowser(Logout.java:16)
at facebooktest_class.Logout.lonchbrowser(Logout.java:16)
at facebooktest_class.Logout.lonchbrowser(Logout.java:16)
at facebooktest_class.Logout.lonchbrowser(Logout.java:16)
at facebooktest_class.Logout.lonchbrowser(Logout.java:16)
at facebooktest_class.Logout.lonchbrowser(Logout.java:16)
at facebooktest_class.Logout.lonchbrowser(Logout.java:16)
at facebooktest_class.Logout.lonchbrowser(Logout.java:16)
at facebooktest_class.Logout.lonchbrowser(Logout.java:16)
at facebooktest_class.Logout.lonchbrowser(Logout.java:16)
at facebooktest_class.Logout.lonchbrowser(Logout.java:16)
at facebooktest_class.Logout.lonchbrowser(Logout.java:16)
at facebooktest_class.Logout.lonchbrowser(Logout.java:16)
at facebooktest_class.Logout.lonchbrowser(Logout.java:16)
at facebooktest_class.Logout.lonchbrowser(Logout.java:16)
at facebooktest_class.Logout.lonchbrowser(Logout.java:16)
at facebooktest_class.Logout.lonchbrowser(Logout.java:16)
at facebooktest_class.Logout.lonchbrowser(Logout.java:16)
at facebooktest_class.Logout.lonchbrowser(Logout.java:16)
at facebooktest_class.Logout.lonchbrowser(Logout.java:16)
at facebooktest_class.Logout.lonchbrowser(Logout.java:16)
at facebooktest_class.Logout.lonchbrowser(Logout.java:16)
at facebooktest_class.Logout.lonchbrowser(Logout.java:16)
at facebooktest_class.Logout.lonchbrowser(Logout.java:16)
at facebooktest_class.Logout.lonchbrowser(Logout.java:16)
at facebooktest_class.Logout.lonchbrowser(Logout.java:16)
at facebooktest_class.Logout.lonchbrowser(Logout.java:16)
at facebooktest_class.Logout.lonchbrowser(Logout.java:16)
at facebooktest_class.Logout.lonchbrowser(Logout.java:16)
at facebooktest_class.Logout.lonchbrowser(Logout.java:16)
at facebooktest_class.Logout.lonchbrowser(Logout.java:16)
at facebooktest_class.Logout.lonchbrowser(Logout.java:16)
at facebooktest_class.Logout.lonchbrowser(Logout.java:16)
at facebooktest_class.Logout.lonchbrowser(Logout.java:16)
at facebooktest_class.Logout.lonchbrowser(Logout.java:16)
at facebooktest_class.Logout.lonchbrowser(Logout.java:16)
at facebooktest_class.Logout.lonchbrowser(Logout.java:16)
at facebooktest_class.Logout.lonchbrowser(Logout.java:16)
at facebooktest_class.Logout.lonchbrowser(Logout.java:16)
at facebooktest_class.Logout.lonchbrowser(Logout.java:16)
at facebooktest_class.Logout.lonchbrowser(Logout.java:16)
at facebooktest_class.Logout.lonchbrowser(Logout.java:16)
at facebooktest_class.Logout.lonchbrowser(Logout.java:16)
at facebooktest_class.Logout.lonchbrowser(Logout.java:16)
at facebooktest_class.Logout.lonchbrowser(Logout.java:16)
at facebooktest_class.Logout.lonchbrowser(Logout.java:16)
at facebooktest_class.Logout.lonchbrowser(Logout.java:16)
at facebooktest_class.Logout.lonchbrowser(Logout.java:16)
at facebooktest_class.Logout.lonchbrowser(Logout.java:16)
at facebooktest_class.Logout.lonchbrowser(Logout.java:16)
at facebooktest_class.Logout.lonchbrowser(Logout.java:16)
at facebooktest_class.Logout.lonchbrowser(Logout.java:16)
at facebooktest_class.Logout.lonchbrowser(Logout.java:16)
at facebooktest_class.Logout.lonchbrowser(Logout.java:16)
at facebooktest_class.Logout.lonchbrowser(Logout.java:16)
at facebooktest_class.Logout.lonchbrowser(Logout.java:16)
at facebooktest_class.Logout.lonchbrowser(Logout.java:16)
at facebooktest_class.Logout.lonchbrowser(Logout.java:16)
at facebooktest_class.Logout.lonchbrowser(Logout.java:16)
at facebooktest_class.Logout.lonchbrowser(Logout.java:16)
at facebooktest_class.Logout.lonchbrowser(Logout.java:16)
at facebooktest_class.Logout.lonchbrowser(Logout.java:16)
at facebooktest_class.Logout.lonchbrowser(Logout.java:16)
at facebooktest_class.Logout.lonchbrowser(Logout.java:16)
at facebooktest_class.Logout.lonchbrowser(Logout.java:16)
at facebooktest_class.Logout.lonchbrowser(Logout.java:16)
at facebooktest_class.Logout.lonchbrowser(Logout.java:16)
at facebooktest_class.Logout.lonchbrowser(Logout.java:16)
at facebooktest_class.Logout.lonchbrowser(Logout.java:16)
at facebooktest_class.Logout.lonchbrowser(Logout.java:16)
at facebooktest_class.Logout.lonchbrowser(Logout.java:16)
at facebooktest_class.Logout.lonchbrowser(Logout.java:16)
at facebooktest_class.Logout.lonchbrowser(Logout.java:16)
at facebooktest_class.Logout.lonchbrowser(Logout.java:16)
at facebooktest_class.Logout.lonchbrowser(Logout.java:16)
at facebooktest_class.Logout.lonchbrowser(Logout.java:16)
at facebooktest_class.Logout.lonchbrowser(Logout.java:16)
at facebooktest_class.Logout.lonchbrowser(Logout.java:16)
at facebooktest_class.Logout.lonchbrowser(Logout.java:16)
at facebooktest_class.Logout.lonchbrowser(Logout.java:16)
at facebooktest_class.Logout.lonchbrowser(Logout.java:16)
at facebooktest_class.Logout.lonchbrowser(Logout.java:16)
at facebooktest_class.Logout.lonchbrowser(Logout.java:16)
at facebooktest_class.Logout.lonchbrowser(Logout.java:16)
at facebooktest_class.Logout.lonchbrowser(Logout.java:16)
at facebooktest_class.Logout.lonchbrowser(Logout.java:16)
at facebooktest_class.Logout.lonchbrowser(Logout.java:16)
at facebooktest_class.Logout.lonchbrowser(Logout.java:16)
at facebooktest_class.Logout.lonchbrowser(Logout.java:16)
at facebooktest_class.Logout.lonchbrowser(Logout.java:16)
at facebooktest_class.Logout.lonchbrowser(Logout.java:16)
at facebooktest_class.Logout.lonchbrowser(Logout.java:16)
at facebooktest_class.Logout.lonchbrowser(Logout.java:16)
at facebooktest_class.Logout.lonchbrowser(Logout.java:16)
at facebooktest_class.Logout.lonchbrowser(Logout.java:16)
at facebooktest_class.Logout.lonchbrowser(Logout.java:16)
at facebooktest_class.Logout.lonchbrowser(Logout.java:16)
at facebooktest_class.Logout.lonchbrowser(Logout.java:16)
at facebooktest_class.Logout.lonchbrowser(Logout.java:16)
at facebooktest_class.Logout.lonchbrowser(Logout.java:16)
at facebooktest_class.Logout.lonchbrowser(Logout.java:16)
at facebooktest_class.Logout.lonchbrowser(Logout.java:16)
at facebooktest_class.Logout.lonchbrowser(Logout.java:16)
at facebooktest_class.Logout.lonchbrowser(Logout.java:16)
at facebooktest_class.Logout.lonchbrowser(Logout.java:16)
at facebooktest_class.Logout.lonchbrowser(Logout.java:16)
at facebooktest_class.Logout.lonchbrowser(Logout.java:16)
at facebooktest_class.Logout.lonchbrowser(Logout.java:16)
at facebooktest_class.Logout.lonchbrowser(Logout.java:16)
at facebooktest_class.Logout.lonchbrowser(Logout.java:16)
at facebooktest_class.Logout.lonchbrowser(Logout.java:16)
at facebooktest_class.Logout.lonchbrowser(Logout.java:16)
at facebooktest_class.Logout.lonchbrowser(Logout.java:16)
at facebooktest_class.Logout.lonchbrowser(Logout.java:16)
at facebooktest_class.Logout.lonchbrowser(Logout.java:16)
at facebooktest_class.Logout.lonchbrowser(Logout.java:16)
at facebooktest_class.Logout.lonchbrowser(Logout.java:16)
at facebooktest_class.Logout.lonchbrowser(Logout.java:16)
at facebooktest_class.Logout.lonchbrowser(Logout.java:16)
at facebooktest_class.Logout.lonchbrowser(Logout.java:16)
at facebooktest_class.Logout.lonchbrowser(Logout.java:16)
at facebooktest_class.Logout.lonchbrowser(Logout.java:16)
at facebooktest_class.Logout.lonchbrowser(Logout.java:16)
at facebooktest_class.Logout.lonchbrowser(Logout.java:16)
at facebooktest_class.Logout.lonchbrowser(Logout.java:16)
at facebooktest_class.Logout.lonchbrowser(Logout.java:16)
at facebooktest_class.Logout.lonchbrowser(Logout.java:16)
at facebooktest_class.Logout.lonchbrowser(Logout.java:16)
at facebooktest_class.Logout.lonchbrowser(Logout.java:16)
at facebooktest_class.Logout.lonchbrowser(Logout.java:16)
at facebooktest_class.Logout.lonchbrowser(Logout.java:16)
at facebooktest_class.Logout.lonchbrowser(Logout.java:16)
at facebooktest_class.Logout.lonchbrowser(Logout.java:16)
at facebooktest_class.Logout.lonchbrowser(Logout.java:16)
at facebooktest_class.Logout.lonchbrowser(Logout.java:16)
at facebooktest_class.Logout.lonchbrowser(Logout.java:16)
at facebooktest_class.Logout.lonchbrowser(Logout.java:16)
at facebooktest_class.Logout.lonchbrowser(Logout.java:16)
at facebooktest_class.Logout.lonchbrowser(Logout.java:16)
at facebooktest_class.Logout.lonchbrowser(Logout.java:16)
at facebooktest_class.Logout.lonchbrowser(Logout.java:16)
at facebooktest_class.Logout.lonchbrowser(Logout.java:16)
at facebooktest_class.Logout.lonchbrowser(Logout.java:16)
at facebooktest_class.Logout.lonchbrowser(Logout.java:16)
at facebooktest_class.Logout.lonchbrowser(Logout.java:16)
at facebooktest_class.Logout.lonchbrowser(Logout.java:16)
at facebooktest_class.Logout.lonchbrowser(Logout.java:16)
at facebooktest_class.Logout.lonchbrowser(Logout.java:16)
at facebooktest_class.Logout.lonchbrowser(Logout.java:16)
at facebooktest_class.Logout.lonchbrowser(Logout.java:16)
at facebooktest_class.Logout.lonchbrowser(Logout.java:16)
at facebooktest_class.Logout.lonchbrowser(Logout.java:16)
at facebooktest_class.Logout.lonchbrowser(Logout.java:16)
at facebooktest_class.Logout.lonchbrowser(Logout.java:16)
at facebooktest_class.Logout.lonchbrowser(Logout.java:16)
at facebooktest_class.Logout.lonchbrowser(Logout.java:16)
at facebooktest_class.Logout.lonchbrowser(Logout.java:16)
at facebooktest_class.Logout.lonchbrowser(Logout.java:16)
at facebooktest_class.Logout.lonchbrowser(Logout.java:16)
at facebooktest_class.Logout.lonchbrowser(Logout.java:16)
at facebooktest_class.Logout.lonchbrowser(Logout.java:16)
at facebooktest_class.Logout.lonchbrowser(Logout.java:16)
at facebooktest_class.Logout.lonchbrowser(Logout.java:16)
at facebooktest_class.Logout.lonchbrowser(Logout.java:16)
at facebooktest_class.Logout.lonchbrowser(Logout.java:16)
at facebooktest_class.Logout.lonchbrowser(Logout.java:16)
at facebooktest_class.Logout.lonchbrowser(Logout.java:16)
at facebooktest_class.Logout.lonchbrowser(Logout.java:16)
at facebooktest_class.Logout.lonchbrowser(Logout.java:16)
at facebooktest_class.Logout.lonchbrowser(Logout.java:16)
at facebooktest_class.Logout.lonchbrowser(Logout.java:16)
at facebooktest_class.Logout.lonchbrowser(Logout.java:16)
at facebooktest_class.Logout.lonchbrowser(Logout.java:16)
at facebooktest_class.Logout.lonchbrowser(Logout.java:16)
at facebooktest_class.Logout.lonchbrowser(Logout.java:16)
at facebooktest_class.Logout.lonchbrowser(Logout.java:16)
at facebooktest_class.Logout.lonchbrowser(Logout.java:16)
at facebooktest_class.Logout.lonchbrowser(Logout.java:16)
at facebooktest_class.Logout.lonchbrowser(Logout.java:16)
at facebooktest_class.Logout.lonchbrowser(Logout.java:16)
at facebooktest_class.Logout.lonchbrowser(Logout.java:16)
at facebooktest_class.Logout.lonchbrowser(Logout.java:16)
at facebooktest_class.Logout.lonchbrowser(Logout.java:16)
at facebooktest_class.Logout.lonchbrowser(Logout.java:16)
at facebooktest_class.Logout.lonchbrowser(Logout.java:16)
at facebooktest_class.Logout.lonchbrowser(Logout.java:16)
at facebooktest_class.Logout.lonchbrowser(Logout.java:16)
at facebooktest_class.Logout.lonchbrowser(Logout.java:16)
at facebooktest_class.Logout.lonchbrowser(Logout.java:16)
at facebooktest_class.Logout.lonchbrowser(Logout.java:16)
at facebooktest_class.Logout.lonchbrowser(Logout.java:16)
at facebooktest_class.Logout.lonchbrowser(Logout.java:16)
at facebooktest_class.Logout.lonchbrowser(Logout.java:16)
at facebooktest_class.Logout.lonchbrowser(Logout.java:16)
at facebooktest_class.Logout.lonchbrowser(Logout.java:16)
at facebooktest_class.Logout.lonchbrowser(Logout.java:16)
at facebooktest_class.Logout.lonchbrowser(Logout.java:16)
at facebooktest_class.Logout.lonchbrowser(Logout.java:16)
at facebooktest_class.Logout.lonchbrowser(Logout.java:16)
at facebooktest_class.Logout.lonchbrowser(Logout.java:16)
at facebooktest_class.Logout.lonchbrowser(Logout.java:16)
at facebooktest_class.Logout.lonchbrowser(Logout.java:16)
at facebooktest_class.Logout.lonchbrowser(Logout.java:16)
at facebooktest_class.Logout.lonchbrowser(Logout.java:16)
at facebooktest_class.Logout.lonchbrowser(Logout.java:16)
at facebooktest_class.Logout.lonchbrowser(Logout.java:16)
at facebooktest_class.Logout.lonchbrowser(Logout.java:16)
at facebooktest_class.Logout.lonchbrowser(Logout.java:16)
at facebooktest_class.Logout.lonchbrowser(Logout.java:16)
at facebooktest_class.Logout.lonchbrowser(Logout.java:16)
at facebooktest_class.Logout.lonchbrowser(Logout.java:16)
at facebooktest_class.Logout.lonchbrowser(Logout.java:16)
at facebooktest_class.Logout.lonchbrowser(Logout.java:16)
at facebooktest_class.Logout.lonchbrowser(Logout.java:16)
at facebooktest_class.Logout.lonchbrowser(Logout.java:16)
at facebooktest_class.Logout.lonchbrowser(Logout.java:16)
at facebooktest_class.Logout.lonchbrowser(Logout.java:16)
at facebooktest_class.Logout.lonchbrowser(Logout.java:16)
at facebooktest_class.Logout.lonchbrowser(Logout.java:16)
at facebooktest_class.Logout.lonchbrowser(Logout.java:16)
at facebooktest_class.Logout.lonchbrowser(Logout.java:16)
at facebooktest_class.Logout.lonchbrowser(Logout.java:16)
at facebooktest_class.Logout.lonchbrowser(Logout.java:16)
at facebooktest_class.Logout.lonchbrowser(Logout.java:16)
at facebooktest_class.Logout.lonchbrowser(Logout.java:16)
at facebooktest_class.Logout.lonchbrowser(Logout.java:16)
at facebooktest_class.Logout.lonchbrowser(Logout.java:16)
at facebooktest_class.Logout.lonchbrowser(Logout.java:16)
at facebooktest_class.Logout.lonchbrowser(Logout.java:16)
at facebooktest_class.Logout.lonchbrowser(Logout.java:16)
at facebooktest_class.Logout.lonchbrowser(Logout.java:16)
at facebooktest_class.Logout.lonchbrowser(Logout.java:16)
at facebooktest_class.Logout.lonchbrowser(Logout.java:16)
at facebooktest_class.Logout.lonchbrowser(Logout.java:16)
at facebooktest_class.Logout.lonchbrowser(Logout.java:16)
at facebooktest_class.Logout.lonchbrowser(Logout.java:16)
at facebooktest_class.Logout.lonchbrowser(Logout.java:16)
at facebooktest_class.Logout.lonchbrowser(Logout.java:16)
at facebooktest_class.Logout.lonchbrowser(Logout.java:16)
at facebooktest_class.Logout.lonchbrowser(Logout.java:16)
at facebooktest_class.Logout.lonchbrowser(Logout.java:16)
at facebooktest_class.Logout.lonchbrowser(Logout.java:16)
at facebooktest_class.Logout.lonchbrowser(Logout.java:16)
at facebooktest_class.Logout.lonchbrowser(Logout.java:16)
at facebooktest_class.Logout.lonchbrowser(Logout.java:16)
at facebooktest_class.Logout.lonchbrowser(Logout.java:16)
at facebooktest_class.Logout.lonchbrowser(Logout.java:16)
at facebooktest_class.Logout.lonchbrowser(Logout.java:16)
at facebooktest_class.Logout.lonchbrowser(Logout.java:16)
at facebooktest_class.Logout.lonchbrowser(Logout.java:16)
at facebooktest_class.Logout.lonchbrowser(Logout.java:16)
at facebooktest_class.Logout.lonchbrowser(Logout.java:16)
at facebooktest_class.Logout.lonchbrowser(Logout.java:16)
at facebooktest_class.Logout.lonchbrowser(Logout.java:16)
at facebooktest_class.Logout.lonchbrowser(Logout.java:16)
at facebooktest_class.Logout.lonchbrowser(Logout.java:16)
at facebooktest_class.Logout.lonchbrowser(Logout.java:16)
at facebooktest_class.Logout.lonchbrowser(Logout.java:16)
at facebooktest_class.Logout.lonchbrowser(Logout.java:16)
at facebooktest_class.Logout.lonchbrowser(Logout.java:16)
at facebooktest_class.Logout.lonchbrowser(Logout.java:16)
at facebooktest_class.Logout.lonchbrowser(Logout.java:16)
at facebooktest_class.Logout.lonchbrowser(Logout.java:16)
at facebooktest_class.Logout.lonchbrowser(Logout.java:16)
at facebooktest_class.Logout.lonchbrowser(Logout.java:16)
at facebooktest_class.Logout.lonchbrowser(Logout.java:16)
at facebooktest_class.Logout.lonchbrowser(Logout.java:16)
at facebooktest_class.Logout.lonchbrowser(Logout.java:16)
at facebooktest_class.Logout.lonchbrowser(Logout.java:16)
at facebooktest_class.Logout.lonchbrowser(Logout.java:16)
at facebooktest_class.Logout.lonchbrowser(Logout.java:16)
at facebooktest_class.Logout.lonchbrowser(Logout.java:16)
at facebooktest_class.Logout.lonchbrowser(Logout.java:16)
at facebooktest_class.Logout.lonchbrowser(Logout.java:16)
at facebooktest_class.Logout.lonchbrowser(Logout.java:16)
at facebooktest_class.Logout.lonchbrowser(Logout.java:16)
at facebooktest_class.Logout.lonchbrowser(Logout.java:16)
at facebooktest_class.Logout.lonchbrowser(Logout.java:16)
at facebooktest_class.Logout.lonchbrowser(Logout.java:16)
at facebooktest_class.Logout.lonchbrowser(Logout.java:16)
at facebooktest_class.Logout.lonchbrowser(Logout.java:16)
at facebooktest_class.Logout.lonchbrowser(Logout.java:16)
at facebooktest_class.Logout.lonchbrowser(Logout.java:16)
at facebooktest_class.Logout.lonchbrowser(Logout.java:16)
at facebooktest_class.Logout.lonchbrowser(Logout.java:16)
at facebooktest_class.Logout.lonchbrowser(Logout.java:16)
at facebooktest_class.Logout.lonchbrowser(Logout.java:16)
at facebooktest_class.Logout.lonchbrowser(Logout.java:16)
at facebooktest_class.Logout.lonchbrowser(Logout.java:16)
at facebooktest_class.Logout.lonchbrowser(Logout.java:16)
at facebooktest_class.Logout.lonchbrowser(Logout.java:16)
at facebooktest_class.Logout.lonchbrowser(Logout.java:16)
at facebooktest_class.Logout.lonchbrowser(Logout.java:16)
at facebooktest_class.Logout.lonchbrowser(Logout.java:16)
at facebooktest_class.Logout.lonchbrowser(Logout.java:16)
at facebooktest_class.Logout.lonchbrowser(Logout.java:16)
at facebooktest_class.Logout.lonchbrowser(Logout.java:16)
at facebooktest_class.Logout.lonchbrowser(Logout.java:16)
at facebooktest_class.Logout.lonchbrowser(Logout.java:16)
at facebooktest_class.Logout.lonchbrowser(Logout.java:16)
at facebooktest_class.Logout.lonchbrowser(Logout.java:16)
at facebooktest_class.Logout.lonchbrowser(Logout.java:16)
at facebooktest_class.Logout.lonchbrowser(Logout.java:16)
at facebooktest_class.Logout.lonchbrowser(Logout.java:16)
at facebooktest_class.Logout.lonchbrowser(Logout.java:16)
at facebooktest_class.Logout.lonchbrowser(Logout.java:16)
at facebooktest_class.Logout.lonchbrowser(Logout.java:16)
at facebooktest_class.Logout.lonchbrowser(Logout.java:16)
at facebooktest_class.Logout.lonchbrowser(Logout.java:16)
at facebooktest_class.Logout.lonchbrowser(Logout.java:16)
at facebooktest_class.Logout.lonchbrowser(Logout.java:16)
at facebooktest_class.Logout.lonchbrowser(Logout.java:16)
at facebooktest_class.Logout.lonchbrowser(Logout.java:16)
at facebooktest_class.Logout.lonchbrowser(Logout.java:16)
at facebooktest_class.Logout.lonchbrowser(Logout.java:16)
at facebooktest_class.Logout.lonchbrowser(Logout.java:16)
at facebooktest_class.Logout.lonchbrowser(Logout.java:16)
at facebooktest_class.Logout.lonchbrowser(Logout.java:16)
at facebooktest_class.Logout.lonchbrowser(Logout.java:16)
at facebooktest_class.Logout.lonchbrowser(Logout.java:16)
at facebooktest_class.Logout.lonchbrowser(Logout.java:16)
at facebooktest_class.Logout.lonchbrowser(Logout.java:16)
at facebooktest_class.Logout.lonchbrowser(Logout.java:16)
at facebooktest_class.Logout.lonchbrowser(Logout.java:16)
at facebooktest_class.Logout.lonchbrowser(Logout.java:16)
at facebooktest_class.Logout.lonchbrowser(Logout.java:16)
at facebooktest_class.Logout.lonchbrowser(Logout.java:16)
at facebooktest_class.Logout.lonchbrowser(Logout.java:16)
at facebooktest_class.Logout.lonchbrowser(Logout.java:16)
at facebooktest_class.Logout.lonchbrowser(Logout.java:16)
at facebooktest_class.Logout.lonchbrowser(Logout.java:16)
at facebooktest_class.Logout.lonchbrowser(Logout.java:16)
at facebooktest_class.Logout.lonchbrowser(Logout.java:16)
at facebooktest_class.Logout.lonchbrowser(Logout.java:16)
at facebooktest_class.Logout.lonchbrowser(Logout.java:16)
at facebooktest_class.Logout.lonchbrowser(Logout.java:16)
at facebooktest_class.Logout.lonchbrowser(Logout.java:16)
at facebooktest_class.Logout.lonchbrowser(Logout.java:16)
at facebooktest_class.Logout.lonchbrowser(Logout.java:16)
at facebooktest_class.Logout.lonchbrowser(Logout.java:16)
at facebooktest_class.Logout.lonchbrowser(Logout.java:16)
at facebooktest_class.Logout.lonchbrowser(Logout.java:16)
at facebooktest_class.Logout.lonchbrowser(Logout.java:16)
at facebooktest_class.Logout.lonchbrowser(Logout.java:16)
at facebooktest_class.Logout.lonchbrowser(Logout.java:16)
at facebooktest_class.Logout.lonchbrowser(Logout.java:16)
at facebooktest_class.Logout.lonchbrowser(Logout.java:16)
at facebooktest_class.Logout.lonchbrowser(Logout.java:16)
at facebooktest_class.Logout.lonchbrowser(Logout.java:16)
at facebooktest_class.Logout.lonchbrowser(Logout.java:16)
at facebooktest_class.Logout.lonchbrowser(Logout.java:16)
at facebooktest_class.Logout.lonchbrowser(Logout.java:16)
at facebooktest_class.Logout.lonchbrowser(Logout.java:16)
at facebooktest_class.Logout.lonchbrowser(Logout.java:16)
at facebooktest_class.Logout.lonchbrowser(Logout.java:16)
at facebooktest_class.Logout.lonchbrowser(Logout.java:16)
at facebooktest_class.Logout.lonchbrowser(Logout.java:16)
at facebooktest_class.Logout.lonchbrowser(Logout.java:16)
at facebooktest_class.Logout.lonchbrowser(Logout.java:16)
at facebooktest_class.Logout.lonchbrowser(Logout.java:16)
at facebooktest_class.Logout.lonchbrowser(Logout.java:16)
at facebooktest_class.Logout.lonchbrowser(Logout.java:16)
at facebooktest_class.Logout.lonchbrowser(Logout.java:16)
at facebooktest_class.Logout.lonchbrowser(Logout.java:16)
at facebooktest_class.Logout.lonchbrowser(Logout.java:16)
at facebooktest_class.Logout.lonchbrowser(Logout.java:16)
at facebooktest_class.Logout.lonchbrowser(Logout.java:16)
at facebooktest_class.Logout.lonchbrowser(Logout.java:16)
at facebooktest_class.Logout.lonchbrowser(Logout.java:16)
at facebooktest_class.Logout.lonchbrowser(Logout.java:16)
at facebooktest_class.Logout.lonchbrowser(Logout.java:16)
at facebooktest_class.Logout.lonchbrowser(Logout.java:16)
at facebooktest_class.Logout.lonchbrowser(Logout.java:16)
at facebooktest_class.Logout.lonchbrowser(Logout.java:16)
at facebooktest_class.Logout.lonchbrowser(Logout.java:16)
at facebooktest_class.Logout.lonchbrowser(Logout.java:16)
at facebooktest_class.Logout.lonchbrowser(Logout.java:16)
at facebooktest_class.Logout.lonchbrowser(Logout.java:16)
at facebooktest_class.Logout.lonchbrowser(Logout.java:16)
at facebooktest_class.Logout.lonchbrowser(Logout.java:16)
at facebooktest_class.Logout.lonchbrowser(Logout.java:16)
at facebooktest_class.Logout.lonchbrowser(Logout.java:16)
at facebooktest_class.Logout.lonchbrowser(Logout.java:16)
at facebooktest_class.Logout.lonchbrowser(Logout.java:16)
at facebooktest_class.Logout.lonchbrowser(Logout.java:16)
at facebooktest_class.Logout.lonchbrowser(Logout.java:16)
at facebooktest_class.Logout.lonchbrowser(Logout.java:16)
at facebooktest_class.Logout.lonchbrowser(Logout.java:16)
at facebooktest_class.Logout.lonchbrowser(Logout.java:16)
at facebooktest_class.Logout.lonchbrowser(Logout.java:16)
at facebooktest_class.Logout.lonchbrowser(Logout.java:16)
at facebooktest_class.Logout.lonchbrowser(Logout.java:16)
at facebooktest_class.Logout.lonchbrowser(Logout.java:16)
at facebooktest_class.Logout.lonchbrowser(Logout.java:16)
at facebooktest_class.Logout.lonchbrowser(Logout.java:16)
at facebooktest_class.Logout.lonchbrowser(Logout.java:16)
at facebooktest_class.Logout.lonchbrowser(Logout.java:16)
at facebooktest_class.Logout.lonchbrowser(Logout.java:16)
at facebooktest_class.Logout.lonchbrowser(Logout.java:16)
at facebooktest_class.Logout.lonchbrowser(Logout.java:16)
at facebooktest_class.Logout.lonchbrowser(Logout.java:16)
at facebooktest_class.Logout.lonchbrowser(Logout.java:16)
at facebooktest_class.Logout.lonchbrowser(Logout.java:16)
at facebooktest_class.Logout.lonchbrowser(Logout.java:16)
at facebooktest_class.Logout.lonchbrowser(Logout.java:16)
at facebooktest_class.Logout.lonchbrowser(Logout.java:16)
at facebooktest_class.Logout.lonchbrowser(Logout.java:16)
at facebooktest_class.Logout.lonchbrowser(Logout.java:16)
at facebooktest_class.Logout.lonchbrowser(Logout.java:16)
at facebooktest_class.Logout.lonchbrowser(Logout.java:16)
at facebooktest_class.Logout.lonchbrowser(Logout.java:16)
at facebooktest_class.Logout.lonchbrowser(Logout.java:16)
at facebooktest_class.Logout.lonchbrowser(Logout.java:16)
at facebooktest_class.Logout.lonchbrowser(Logout.java:16)
at facebooktest_class.Logout.lonchbrowser(Logout.java:16)
at facebooktest_class.Logout.lonchbrowser(Logout.java:16)
at facebooktest_class.Logout.lonchbrowser(Logout.java:16)
at facebooktest_class.Logout.lonchbrowser(Logout.java:16)
at facebooktest_class.Logout.lonchbrowser(Logout.java:16)
at facebooktest_class.Logout.lonchbrowser(Logout.java:16)
at facebooktest_class.Logout.lonchbrowser(Logout.java:16)
at facebooktest_class.Logout.lonchbrowser(Logout.java:16)
at facebooktest_class.Logout.lonchbrowser(Logout.java:16)
at facebooktest_class.Logout.lonchbrowser(Logout.java:16)
at facebooktest_class.Logout.lonchbrowser(Logout.java:16)
at facebooktest_class.Logout.lonchbrowser(Logout.java:16)
at facebooktest_class.Logout.lonchbrowser(Logout.java:16)
at facebooktest_class.Logout.lonchbrowser(Logout.java:16)
at facebooktest_class.Logout.lonchbrowser(Logout.java:16)
at facebooktest_class.Logout.lonchbrowser(Logout.java:16)
at facebooktest_class.Logout.lonchbrowser(Logout.java:16)
at facebooktest_class.Logout.lonchbrowser(Logout.java:16)
at facebooktest_class.Logout.lonchbrowser(Logout.java:16)
at facebooktest_class.Logout.lonchbrowser(Logout.java:16)
at facebooktest_class.Logout.lonchbrowser(Logout.java:16)
at facebooktest_class.Logout.lonchbrowser(Logout.java:16)
at facebooktest_class.Logout.lonchbrowser(Logout.java:16)
at facebooktest_class.Logout.lonchbrowser(Logout.java:16)
at facebooktest_class.Logout.lonchbrowser(Logout.java:16)
at facebooktest_class.Logout.lonchbrowser(Logout.java:16)
at facebooktest_class.Logout.lonchbrowser(Logout.java:16)
at facebooktest_class.Logout.lonchbrowser(Logout.java:16)
at facebooktest_class.Logout.lonchbrowser(Logout.java:16)
at facebooktest_class.Logout.lonchbrowser(Logout.java:16)
at facebooktest_class.Logout.lonchbrowser(Logout.java:16)
at facebooktest_class.Logout.lonchbrowser(Logout.java:16)
at facebooktest_class.Logout.lonchbrowser(Logout.java:16)
at facebooktest_class.Logout.lonchbrowser(Logout.java:16)
at facebooktest_class.Logout.lonchbrowser(Logout.java:16)
at facebooktest_class.Logout.lonchbrowser(Logout.java:16)
at facebooktest_class.Logout.lonchbrowser(Logout.java:16)
at facebooktest_class.Logout.lonchbrowser(Logout.java:16)
at facebooktest_class.Logout.lonchbrowser(Logout.java:16)
at facebooktest_class.Logout.lonchbrowser(Logout.java:16)
at facebooktest_class.Logout.lonchbrowser(Logout.java:16)
at facebooktest_class.Logout.lonchbrowser(Logout.java:16)
at facebooktest_class.Logout.lonchbrowser(Logout.java:16)
at facebooktest_class.Logout.lonchbrowser(Logout.java:16)
at facebooktest_class.Logout.lonchbrowser(Logout.java:16)
at facebooktest_class.Logout.lonchbrowser(Logout.java:16)
at facebooktest_class.Logout.lonchbrowser(Logout.java:16)
at facebooktest_class.Logout.lonchbrowser(Logout.java:16)
at facebooktest_class.Logout.lonchbrowser(Logout.java:16)
at facebooktest_class.Logout.lonchbrowser(Logout.java:16)
at facebooktest_class.Logout.lonchbrowser(Logout.java:16)
at facebooktest_class.Logout.lonchbrowser(Logout.java:16)
at facebooktest_class.Logout.lonchbrowser(Logout.java:16)
at facebooktest_class.Logout.lonchbrowser(Logout.java:16)
at facebooktest_class.Logout.lonchbrowser(Logout.java:16)
at facebooktest_class.Logout.lonchbrowser(Logout.java:16)
at facebooktest_class.Logout.lonchbrowser(Logout.java:16)
at facebooktest_class.Logout.lonchbrowser(Logout.java:16)
at facebooktest_class.Logout.lonchbrowser(Logout.java:16)
at facebooktest_class.Logout.lonchbrowser(Logout.java:16)
at facebooktest_class.Logout.lonchbrowser(Logout.java:16)
at facebooktest_class.Logout.lonchbrowser(Logout.java:16)
at facebooktest_class.Logout.lonchbrowser(Logout.java:16)
at facebooktest_class.Logout.lonchbrowser(Logout.java:16)
at facebooktest_class.Logout.lonchbrowser(Logout.java:16)
at facebooktest_class.Logout.lonchbrowser(Logout.java:16)
at facebooktest_class.Logout.lonchbrowser(Logout.java:16)
at facebooktest_class.Logout.lonchbrowser(Logout.java:16)
at facebooktest_class.Logout.lonchbrowser(Logout.java:16)
at facebooktest_class.Logout.lonchbrowser(Logout.java:16)
at facebooktest_class.Logout.lonchbrowser(Logout.java:16)
at facebooktest_class.Logout.lonchbrowser(Logout.java:16)
at facebooktest_class.Logout.lonchbrowser(Logout.java:16)
at facebooktest_class.Logout.lonchbrowser(Logout.java:16)
at facebooktest_class.Logout.lonchbrowser(Logout.java:16)
at facebooktest_class.Logout.lonchbrowser(Logout.java:16)
at facebooktest_class.Logout.lonchbrowser(Logout.java:16)
at facebooktest_class.Logout.lonchbrowser(Logout.java:16)
at facebooktest_class.Logout.lonchbrowser(Logout.java:16)
at facebooktest_class.Logout.lonchbrowser(Logout.java:16)
at facebooktest_class.Logout.lonchbrowser(Logout.java:16)
at facebooktest_class.Logout.lonchbrowser(Logout.java:16)
at facebooktest_class.Logout.lonchbrowser(Logout.java:16)
at facebooktest_class.Logout.lonchbrowser(Logout.java:16)
at facebooktest_class.Logout.lonchbrowser(Logout.java:16)
at facebooktest_class.Logout.lonchbrowser(Logout.java:16)
at facebooktest_class.Logout.lonchbrowser(Logout.java:16)
at facebooktest_class.Logout.lonchbrowser(Logout.java:16)
at facebooktest_class.Logout.lonchbrowser(Logout.java:16)
at facebooktest_class.Logout.lonchbrowser(Logout.java:16)
at facebooktest_class.Logout.lonchbrowser(Logout.java:16)
at facebooktest_class.Logout.lonchbrowser(Logout.java:16)
at facebooktest_class.Logout.lonchbrowser(Logout.java:16)
at facebooktest_class.Logout.lonchbrowser(Logout.java:16)
at facebooktest_class.Logout.lonchbrowser(Logout.java:16)
at facebooktest_class.Logout.lonchbrowser(Logout.java:16)
at facebooktest_class.Logout.lonchbrowser(Logout.java:16)
at facebooktest_class.Logout.lonchbrowser(Logout.java:16)
at facebooktest_class.Logout.lonchbrowser(Logout.java:16)
at facebooktest_class.Logout.lonchbrowser(Logout.java:16)
at facebooktest_class.Logout.lonchbrowser(Logout.java:16)
at facebooktest_class.Logout.lonchbrowser(Logout.java:16)
at facebooktest_class.Logout.lonchbrowser(Logout.java:16)
at facebooktest_class.Logout.lonchbrowser(Logout.java:16)
at facebooktest_class.Logout.lonchbrowser(Logout.java:16)
at facebooktest_class.Logout.lonchbrowser(Logout.java:16)
at facebooktest_class.Logout.lonchbrowser(Logout.java:16)
at facebooktest_class.Logout.lonchbrowser(Logout.java:16)
at facebooktest_class.Logout.lonchbrowser(Logout.java:16)
at facebooktest_class.Logout.lonchbrowser(Logout.java:16)
at facebooktest_class.Logout.lonchbrowser(Logout.java:16)
at facebooktest_class.Logout.lonchbrowser(Logout.java:16)
at facebooktest_class.Logout.lonchbrowser(Logout.java:16)
at facebooktest_class.Logout.lonchbrowser(Logout.java:16)
at facebooktest_class.Logout.lonchbrowser(Logout.java:16)
at facebooktest_class.Logout.lonchbrowser(Logout.java:16)
at facebooktest_class.Logout.lonchbrowser(Logout.java:16)
at facebooktest_class.Logout.lonchbrowser(Logout.java:16)
at facebooktest_class.Logout.lonchbrowser(Logout.java:16)
at facebooktest_class.Logout.lonchbrowser(Logout.java:16)
at facebooktest_class.Logout.lonchbrowser(Logout.java:16)
at facebooktest_class.Logout.lonchbrowser(Logout.java:16)
at facebooktest_class.Logout.lonchbrowser(Logout.java:16)
at facebooktest_class.Logout.lonchbrowser(Logout.java:16)
at facebooktest_class.Logout.lonchbrowser(Logout.java:16)
at facebooktest_class.Logout.lonchbrowser(Logout.java:16)
at facebooktest_class.Logout.lonchbrowser(Logout.java:16)
at facebooktest_class.Logout.lonchbrowser(Logout.java:16)
at facebooktest_class.Logout.lonchbrowser(Logout.java:16)
at facebooktest_class.Logout.lonchbrowser(Logout.java:16)
at facebooktest_class.Logout.lonchbrowser(Logout.java:16)
at facebooktest_class.Logout.lonchbrowser(Logout.java:16)
at facebooktest_class.Logout.lonchbrowser(Logout.java:16)
at facebooktest_class.Logout.lonchbrowser(Logout.java:16)
at facebooktest_class.Logout.lonchbrowser(Logout.java:16)
at facebooktest_class.Logout.lonchbrowser(Logout.java:16)
at facebooktest_class.Logout.lonchbrowser(Logout.java:16)
at facebooktest_class.Logout.lonchbrowser(Logout.java:16)
at facebooktest_class.Logout.lonchbrowser(Logout.java:16)
at facebooktest_class.Logout.lonchbrowser(Logout.java:16)
at facebooktest_class.Logout.lonchbrowser(Logout.java:16)
at facebooktest_class.Logout.lonchbrowser(Logout.java:16)
at facebooktest_class.Logout.lonchbrowser(Logout.java:16)
at facebooktest_class.Logout.lonchbrowser(Logout.java:16)
at facebooktest_class.Logout.lonchbrowser(Logout.java:16)
at facebooktest_class.Logout.lonchbrowser(Logout.java:16)
at facebooktest_class.Logout.lonchbrowser(Logout.java:16)
at facebooktest_class.Logout.lonchbrowser(Logout.java:16)
at facebooktest_class.Logout.lonchbrowser(Logout.java:16)
at facebooktest_class.Logout.lonchbrowser(Logout.java:16)
at facebooktest_class.Logout.lonchbrowser(Logout.java:16)
at facebooktest_class.Logout.lonchbrowser(Logout.java:16)
at facebooktest_class.Logout.lonchbrowser(Logout.java:16)
at facebooktest_class.Logout.lonchbrowser(Logout.java:16)
at facebooktest_class.Logout.lonchbrowser(Logout.java:16)
at facebooktest_class.Logout.lonchbrowser(Logout.java:16)
]]>
    </failure>
  </testcase> <!-- @BeforeMethod lonchbrowser -->
  <testcase classname="facebooktest_class.Logout" name="@BeforeMethod lonchbrowser" time="-1.665332164847E9">
    <skipped/>
  </testcase> <!-- @BeforeMethod lonchbrowser -->
  <testcase classname="facebooktest_class.Logout" name="clickOnProfile" time="0.0">
    <skipped/>
  </testcase> <!-- clickOnProfile -->
  <testcase classname="facebooktest_class.Logout" name="clickOnLogout" time="0.0">
    <skipped/>
  </testcase> <!-- clickOnLogout -->
</testsuite> <!-- Test(failed)(failed) -->
