<?xml version="1.0" encoding="UTF-8"?>
<!-- Generated by org.testng.reporters.JUnitXMLReporter -->
<testsuite ignored="0" hostname="Lenovo" failures="0" tests="1" name="tc1" time="0.055" errors="0" timestamp="2022-10-07T08:44:03 IST">
  <testcase classname="croosbrowser.CrossB" name="@BeforeClass lonchbrowser" time="-1.665112443146E9">
    <failure type="org.testng.TestNGException" message="
Can inject only one of &amp;lt;ITestContext, XmlTest&amp;gt; into a @BeforeClass annotated lonchbrowser.
For more information on native dependency injection please refer to https://testng.org/doc/documentation-main.html#native-dependency-injection">
      <![CDATA[org.testng.TestNGException: 
Can inject only one of <ITestContext, XmlTest> into a @BeforeClass annotated lonchbrowser.
For more information on native dependency injection please refer to https://testng.org/doc/documentation-main.html#native-dependency-injection
at java.base/java.util.ArrayList.forEach(ArrayList.java:1511)
... Removed 22 stack frames]]>
    </failure>
  </testcase> <!-- @BeforeClass lonchbrowser -->
  <testcase classname="croosbrowser.CrossB" name="login" time="0.0">
    <skipped/>
  </testcase> <!-- login -->
</testsuite> <!-- tc1 -->
