<?xml version="1.0" encoding="UTF-8"?>
<!-- Generated by org.testng.reporters.JUnitXMLReporter -->
<testsuite ignored="0" hostname="Lenovo" failures="0" tests="6" name="Test2" time="0.081" errors="0" timestamp="2022-10-04T16:37:47 IST">
  <testcase classname="testclasses.TestClass1" name="TC001" time="0.011"/>
  <testcase classname="testclasses.TestClass1" name="TC002" time="0.002"/>
  <testcase classname="testclasses.TestClass1" name="TC003" time="0.002"/>
  <testcase classname="testclasses.TestClass2" name="TC001" time="0.002"/>
  <testcase classname="testclasses.TestClass2" name="TC002" time="0.002"/>
  <testcase classname="testclasses.TestClass2" name="TC003" time="0.002"/>
</testsuite> <!-- Test2 -->
